0 info it worked if it ends with ok
1 verbose cli [ '/home/alois/.nvm/versions/node/v6.3.1/bin/node',
1 verbose cli   '/home/alois/.nvm/versions/node/v6.3.1/bin/npm',
1 verbose cli   'start' ]
2 info using npm@3.10.3
3 info using node@v6.3.1
4 verbose config Skipping project config: /home/alois/.npmrc. (matches userconfig)
5 verbose stack Error: ENOENT: no such file or directory, open '/home/alois/package.json'
5 verbose stack     at Error (native)
6 verbose cwd /home/alois/workspace/TPT/IGR/IGR205
7 error Linux 4.2.0-38-generic
8 error argv "/home/alois/.nvm/versions/node/v6.3.1/bin/node" "/home/alois/.nvm/versions/node/v6.3.1/bin/npm" "start"
9 error node v6.3.1
10 error npm  v3.10.3
11 error path /home/alois/package.json
12 error code ENOENT
13 error errno -2
14 error syscall open
15 error enoent ENOENT: no such file or directory, open '/home/alois/package.json'
16 error enoent ENOENT: no such file or directory, open '/home/alois/package.json'
16 error enoent This is most likely not a problem with npm itself
16 error enoent and is related to npm not being able to find a file.
17 verbose exit [ -2, true ]
